\BOOKMARK [0][-]{chapter.1}{Introducci\363n a Derive}{}
\BOOKMARK [1][-]{section.1.1}{Introducci\363n}{chapter.1}
\BOOKMARK [1][-]{section.1.2}{Funciones b\341sicas}{chapter.1}
\BOOKMARK [0][-]{chapter.2}{Funciones Elementales}{}
\BOOKMARK [1][-]{section.2.1}{Fundamentos te\363ricos}{chapter.2}
\BOOKMARK [2][-]{subsection.2.1.1}{Dominio e imagen}{section.2.1}
\BOOKMARK [2][-]{subsection.2.1.2}{Signo y crecimiento}{section.2.1}
\BOOKMARK [2][-]{subsection.2.1.3}{Extremos Relativos}{section.2.1}
\BOOKMARK [2][-]{subsection.2.1.4}{Concavidad}{section.2.1}
\BOOKMARK [2][-]{subsection.2.1.5}{As\355ntotas}{section.2.1}
\BOOKMARK [2][-]{subsection.2.1.6}{Periodicidad}{section.2.1}
\BOOKMARK [1][-]{section.2.2}{Ejercicios resueltos}{chapter.2}
\BOOKMARK [1][-]{section.2.3}{Ejercicios propuestos}{chapter.2}
\BOOKMARK [0][-]{chapter.3}{L\355mites y Continuidad}{}
\BOOKMARK [1][-]{section.3.1}{Fundamentos te\363ricos}{chapter.3}
\BOOKMARK [2][-]{subsection.3.1.1}{L\355mite de una funci\363n en un punto}{section.3.1}
\BOOKMARK [2][-]{subsection.3.1.2}{\301lgebra de l\355mites}{section.3.1}
\BOOKMARK [2][-]{subsection.3.1.3}{As\355ntotas}{section.3.1}
\BOOKMARK [2][-]{subsection.3.1.4}{Continuidad de una funci\363n en un punto}{section.3.1}
\BOOKMARK [1][-]{section.3.2}{Ejercicios resueltos}{chapter.3}
\BOOKMARK [1][-]{section.3.3}{Ejercicios propuestos}{chapter.3}
\BOOKMARK [0][-]{chapter.4}{Derivadas}{}
\BOOKMARK [1][-]{section.4.1}{Fundamentos te\363ricos}{chapter.4}
\BOOKMARK [2][-]{subsection.4.1.1}{Tasas de variaci\363n media e instant\341nea. La derivada}{section.4.1}
\BOOKMARK [2][-]{subsection.4.1.2}{Funci\363n derivada y derivadas sucesivas}{section.4.1}
\BOOKMARK [2][-]{subsection.4.1.3}{Estudio del crecimiento de una funci\363n}{section.4.1}
\BOOKMARK [2][-]{subsection.4.1.4}{Determinaci\363n de los extremos relativos}{section.4.1}
\BOOKMARK [2][-]{subsection.4.1.5}{Estudio de la concavidad de una funci\363n}{section.4.1}
\BOOKMARK [2][-]{subsection.4.1.6}{Derivadas parciales de una funci\363n de n variables}{section.4.1}
\BOOKMARK [2][-]{subsection.4.1.7}{Derivadas parciales sucesivas de una funci\363n de n variables}{section.4.1}
\BOOKMARK [2][-]{subsection.4.1.8}{Vector gradiente y matriz hessiana}{section.4.1}
\BOOKMARK [1][-]{section.4.2}{Ejercicios resueltos}{chapter.4}
\BOOKMARK [1][-]{section.4.3}{Ejercicios propuestos}{chapter.4}
\BOOKMARK [0][-]{chapter.5}{Polinomios de Taylor}{}
\BOOKMARK [1][-]{section.5.1}{Fundamentos te\363ricos}{chapter.5}
\BOOKMARK [2][-]{subsection.5.1.1}{Polinomio de Taylor}{section.5.1}
\BOOKMARK [2][-]{subsection.5.1.2}{Resto de Taylor}{section.5.1}
\BOOKMARK [1][-]{section.5.2}{Ejercicios resueltos}{chapter.5}
\BOOKMARK [1][-]{section.5.3}{Ejercicios propuestos}{chapter.5}
\BOOKMARK [0][-]{chapter.6}{Integrales}{}
\BOOKMARK [1][-]{section.6.1}{Fundamentos te\363ricos}{chapter.6}
\BOOKMARK [2][-]{subsection.6.1.1}{Primitivas e Integrales}{section.6.1}
\BOOKMARK [2][-]{subsection.6.1.2}{Integral de Riemann}{section.6.1}
\BOOKMARK [2][-]{subsection.6.1.3}{Integrales impropias}{section.6.1}
\BOOKMARK [2][-]{subsection.6.1.4}{C\341lculo de \341reas}{section.6.1}
\BOOKMARK [2][-]{subsection.6.1.5}{C\341lculo de Vol\372menes}{section.6.1}
\BOOKMARK [1][-]{section.6.2}{Ejercicios resueltos}{chapter.6}
\BOOKMARK [1][-]{section.6.3}{Ejercicios propuestos}{chapter.6}
\BOOKMARK [0][-]{chapter.7}{Ecuaciones Diferenciales Ordinarias}{}
\BOOKMARK [1][-]{section.7.1}{Fundamentos te\363ricos}{chapter.7}
\BOOKMARK [2][-]{subsection.7.1.1}{Ecuaciones diferenciales ordinarias \(E.D.O.\)}{section.7.1}
\BOOKMARK [2][-]{subsection.7.1.2}{Ecuaciones diferenciales ordinarias de primer orden}{section.7.1}
\BOOKMARK [2][-]{subsection.7.1.3}{EDO de variables separables}{section.7.1}
\BOOKMARK [2][-]{subsection.7.1.4}{EDO Homog\351neas}{section.7.1}
\BOOKMARK [2][-]{subsection.7.1.5}{EDO Lineales}{section.7.1}
\BOOKMARK [1][-]{section.7.2}{Ejercicios resueltos}{chapter.7}
\BOOKMARK [1][-]{section.7.3}{Ejercicios propuestos}{chapter.7}
